
Showing logs for build [32mcb-kubecd-environment-pr-209-99-zrgg6-1[0m stage [32mfrom-build-pack[0m and container [32mstep-credential-initializer-thhrh[0m
{"level":"info","ts":1587998213.4991007,"logger":"fallback-logger","caller":"logging/config.go:69","msg":"Fetch GitHub commit ID from kodata failed: open /var/run/ko/refs/heads/0.8.0-ns-support: no such file or directory"}
{"level":"info","ts":1587998213.5001612,"logger":"fallback-logger","caller":"creds-init/main.go:40","msg":"Credentials initialized."}

Showing logs for build [32mcb-kubecd-environment-pr-209-99-zrgg6-1[0m stage [32mfrom-build-pack[0m and container [32mstep-working-dir-initializer-wghfv[0m
{"level":"info","ts":1587998214.9017487,"logger":"fallback-logger","caller":"logging/config.go:69","msg":"Fetch GitHub commit ID from kodata failed: open /var/run/ko/HEAD: no such file or directory"}
{"level":"info","ts":1587998214.9047031,"logger":"fallback-logger","caller":"bash/main.go:64","msg":"Successfully executed command \"sh -c mkdir -p /workspace/source\"; output "}

Showing logs for build [32mcb-kubecd-environment-pr-209-99-zrgg6-1[0m stage [32mfrom-build-pack[0m and container [32mstep-place-tools[0m

Showing logs for build [32mcb-kubecd-environment-pr-209-99-zrgg6-1[0m stage [32mfrom-build-pack[0m and container [32mstep-git-source-cb-kubecd-environment-pr-209-99-zrgg6-6gr8l[0m
{"level":"info","ts":1587998221.1547503,"logger":"fallback-logger","caller":"logging/config.go:69","msg":"Fetch GitHub commit ID from kodata failed: open /var/run/ko/refs/heads/0.8.0-ns-support: no such file or directory"}
{"level":"info","ts":1587998222.3203292,"logger":"fallback-logger","caller":"git/git.go:103","msg":"Successfully cloned https://github.com/cb-kubecd/environment-pr-209-99-boot-gke-staging.git @ master in path /workspace/source"}

Showing logs for build [32mcb-kubecd-environment-pr-209-99-zrgg6-1[0m stage [32mfrom-build-pack[0m and container [32mstep-git-merge[0m
Using SHAs from PULL_REFS=master:c56d1e8edeaf13b0a0d97f928370143ebf6515a6,1:48aa1c0eda8e8d0175b2bcb9f7ef311b5ab5ea0e
DEBUG: LC_ALL=C JX_LOG_LEVEL=error git fetch origin --unshallow 48aa1c0eda8e8d0175b2bcb9f7ef311b5ab5ea0e: c56d1e8edeaf13b0a0d97f928370143ebf6515a6:
DEBUG: ran git fetch --unshallow origin 48aa1c0eda8e8d0175b2bcb9f7ef311b5ab5ea0e: c56d1e8edeaf13b0a0d97f928370143ebf6515a6: in 
DEBUG: LC_ALL=C JX_LOG_LEVEL=error git branch
DEBUG: LC_ALL=C JX_LOG_LEVEL=error git checkout master
DEBUG: ran git checkout master in 
DEBUG: LC_ALL=C JX_LOG_LEVEL=error git reset --hard c56d1e8edeaf13b0a0d97f928370143ebf6515a6
DEBUG: ran git reset --hard c56d1e8edeaf13b0a0d97f928370143ebf6515a6 in 
DEBUG: LC_ALL=C JX_LOG_LEVEL=error git clean -fd .
DEBUG: ran clean --force -d . in 
DEBUG: JX_LOG_LEVEL=error LC_ALL=C git merge 48aa1c0eda8e8d0175b2bcb9f7ef311b5ab5ea0e
DEBUG: ran git merge 48aa1c0eda8e8d0175b2bcb9f7ef311b5ab5ea0e in 
DEBUG: JX_LOG_LEVEL=error LC_ALL=C git log --format=%H%x1f%an%x1f%ae%x1f%cn%x1f%ce%x1f%s%n%b%x1e c56d1e8edeaf13b0a0d97f928370143ebf6515a6..HEAD
Merged SHA 48aa1c0eda8e8d0175b2bcb9f7ef311b5ab5ea0e with commit message 'chore: Promote bdd-spring-1587997799 to version 0.0.1' into base branch master

Showing logs for build [32mcb-kubecd-environment-pr-209-99-zrgg6-1[0m stage [32mfrom-build-pack[0m and container [32mstep-build-helm-build[0m
WARNING: No $CHART_REPOSITORY defined so using the default value of: http://jenkins-x-chartmuseum:8080
Adding missing Helm repo: storage.googleapis.com https://storage.googleapis.com/chartmuseum.jenkins-x.io
WARNING: No secrets found on "helm/repos" due: reading the secret "helm/repos" from vault: no secret "helm/repos" not found in vault
Read credentials for https://storage.googleapis.com/chartmuseum.jenkins-x.io from vault helm/repos
Successfully added Helm repository storage.googleapis.com.
Adding missing Helm repo: jenkins-x-chartmuseum http://jenkins-x-chartmuseum:8080
WARNING: No secrets found on "helm/repos" due: reading the secret "helm/repos" from vault: no secret "helm/repos" not found in vault
Read credentials for http://jenkins-x-chartmuseum:8080 from vault helm/repos
Successfully added Helm repository jenkins-x-chartmuseum.
WARNING: No $CHART_REPOSITORY defined so using the default value of: http://jenkins-x-chartmuseum:8080
Adding missing Helm repo: chartmuseum.jenkins-x.io http://chartmuseum.jenkins-x.io
WARNING: No secrets found on "helm/repos" due: reading the secret "helm/repos" from vault: no secret "helm/repos" not found in vault
Read credentials for http://chartmuseum.jenkins-x.io from vault helm/repos
Successfully added Helm repository chartmuseum.jenkins-x.io.
