
Showing logs for build [32mcb-kubecd-environment-pr-209-99-bq8kl-1[0m stage [32mfrom-build-pack[0m and container [32mstep-credential-initializer-fsxvn[0m
{"level":"info","ts":1588000837.740219,"logger":"fallback-logger","caller":"logging/config.go:69","msg":"Fetch GitHub commit ID from kodata failed: open /var/run/ko/refs/heads/0.8.0-ns-support: no such file or directory"}
{"level":"info","ts":1588000837.7435532,"logger":"fallback-logger","caller":"creds-init/main.go:40","msg":"Credentials initialized."}

Showing logs for build [32mcb-kubecd-environment-pr-209-99-bq8kl-1[0m stage [32mfrom-build-pack[0m and container [32mstep-working-dir-initializer-52mr2[0m
{"level":"info","ts":1588000839.1177528,"logger":"fallback-logger","caller":"logging/config.go:69","msg":"Fetch GitHub commit ID from kodata failed: open /var/run/ko/HEAD: no such file or directory"}
{"level":"info","ts":1588000839.1194904,"logger":"fallback-logger","caller":"bash/main.go:64","msg":"Successfully executed command \"sh -c mkdir -p /workspace/source\"; output "}

Showing logs for build [32mcb-kubecd-environment-pr-209-99-bq8kl-1[0m stage [32mfrom-build-pack[0m and container [32mstep-place-tools[0m

Showing logs for build [32mcb-kubecd-environment-pr-209-99-bq8kl-1[0m stage [32mfrom-build-pack[0m and container [32mstep-git-source-cb-kubecd-environment-pr-209-99-bq8kl-qht8q[0m
{"level":"info","ts":1588000844.2956817,"logger":"fallback-logger","caller":"logging/config.go:69","msg":"Fetch GitHub commit ID from kodata failed: open /var/run/ko/refs/heads/0.8.0-ns-support: no such file or directory"}
{"level":"info","ts":1588000845.3703988,"logger":"fallback-logger","caller":"git/git.go:103","msg":"Successfully cloned https://github.com/cb-kubecd/environment-pr-209-99-boot-gke-staging.git @ master in path /workspace/source"}

Showing logs for build [32mcb-kubecd-environment-pr-209-99-bq8kl-1[0m stage [32mfrom-build-pack[0m and container [32mstep-git-merge[0m
Using SHAs from PULL_REFS=master:87e2ccfed5444a2fc609b851a145a0a587f9cfd8,4:ca0348a5f8638d6148081419d5da279597b139e5
DEBUG: LC_ALL=C JX_LOG_LEVEL=error git fetch origin --unshallow ca0348a5f8638d6148081419d5da279597b139e5: 87e2ccfed5444a2fc609b851a145a0a587f9cfd8:
DEBUG: ran git fetch --unshallow origin ca0348a5f8638d6148081419d5da279597b139e5: 87e2ccfed5444a2fc609b851a145a0a587f9cfd8: in 
DEBUG: LC_ALL=C JX_LOG_LEVEL=error git branch
DEBUG: LC_ALL=C JX_LOG_LEVEL=error git checkout master
DEBUG: ran git checkout master in 
DEBUG: LC_ALL=C JX_LOG_LEVEL=error git reset --hard 87e2ccfed5444a2fc609b851a145a0a587f9cfd8
DEBUG: ran git reset --hard 87e2ccfed5444a2fc609b851a145a0a587f9cfd8 in 
DEBUG: JX_LOG_LEVEL=error LC_ALL=C git clean -fd .
DEBUG: ran clean --force -d . in 
DEBUG: LC_ALL=C JX_LOG_LEVEL=error git merge ca0348a5f8638d6148081419d5da279597b139e5
DEBUG: ran git merge ca0348a5f8638d6148081419d5da279597b139e5 in 
DEBUG: LC_ALL=C JX_LOG_LEVEL=error git log --format=%H%x1f%an%x1f%ae%x1f%cn%x1f%ce%x1f%s%n%b%x1e 87e2ccfed5444a2fc609b851a145a0a587f9cfd8..HEAD
Merged SHA ca0348a5f8638d6148081419d5da279597b139e5 with commit message 'chore: Promote bdd-nh-1587999063 to version 0.0.1' into base branch master

Showing logs for build [32mcb-kubecd-environment-pr-209-99-bq8kl-1[0m stage [32mfrom-build-pack[0m and container [32mstep-build-helm-build[0m
WARNING: No $CHART_REPOSITORY defined so using the default value of: http://jenkins-x-chartmuseum:8080
Adding missing Helm repo: storage.googleapis.com https://storage.googleapis.com/chartmuseum.jenkins-x.io
WARNING: No secrets found on "helm/repos" due: reading the secret "helm/repos" from vault: no secret "helm/repos" not found in vault
Read credentials for https://storage.googleapis.com/chartmuseum.jenkins-x.io from vault helm/repos
Successfully added Helm repository storage.googleapis.com.
Adding missing Helm repo: jenkins-x-chartmuseum http://jenkins-x-chartmuseum:8080
WARNING: No secrets found on "helm/repos" due: reading the secret "helm/repos" from vault: no secret "helm/repos" not found in vault
Read credentials for http://jenkins-x-chartmuseum:8080 from vault helm/repos
Successfully added Helm repository jenkins-x-chartmuseum.
WARNING: No $CHART_REPOSITORY defined so using the default value of: http://jenkins-x-chartmuseum:8080
Adding missing Helm repo: chartmuseum.jenkins-x.io http://chartmuseum.jenkins-x.io
WARNING: No secrets found on "helm/repos" due: reading the secret "helm/repos" from vault: no secret "helm/repos" not found in vault
Read credentials for http://chartmuseum.jenkins-x.io from vault helm/repos
Successfully added Helm repository chartmuseum.jenkins-x.io.
