
Showing logs for build [32mcb-kubecd-environment-pr-209-99-x6xlk-1[0m stage [32mfrom-build-pack[0m and container [32mstep-credential-initializer-d6g49[0m
{"level":"info","ts":1588003327.7839189,"logger":"fallback-logger","caller":"logging/config.go:69","msg":"Fetch GitHub commit ID from kodata failed: open /var/run/ko/refs/heads/0.8.0-ns-support: no such file or directory"}
{"level":"info","ts":1588003327.7849503,"logger":"fallback-logger","caller":"creds-init/main.go:40","msg":"Credentials initialized."}

Showing logs for build [32mcb-kubecd-environment-pr-209-99-x6xlk-1[0m stage [32mfrom-build-pack[0m and container [32mstep-working-dir-initializer-cc7fr[0m
{"level":"info","ts":1588003328.754105,"logger":"fallback-logger","caller":"logging/config.go:69","msg":"Fetch GitHub commit ID from kodata failed: open /var/run/ko/HEAD: no such file or directory"}
{"level":"info","ts":1588003328.7571304,"logger":"fallback-logger","caller":"bash/main.go:64","msg":"Successfully executed command \"sh -c mkdir -p /workspace/source\"; output "}

Showing logs for build [32mcb-kubecd-environment-pr-209-99-x6xlk-1[0m stage [32mfrom-build-pack[0m and container [32mstep-place-tools[0m

Showing logs for build [32mcb-kubecd-environment-pr-209-99-x6xlk-1[0m stage [32mfrom-build-pack[0m and container [32mstep-git-source-cb-kubecd-environment-pr-209-99-x6xlk-68cxp[0m
{"level":"info","ts":1588003332.9250517,"logger":"fallback-logger","caller":"logging/config.go:69","msg":"Fetch GitHub commit ID from kodata failed: open /var/run/ko/refs/heads/0.8.0-ns-support: no such file or directory"}
{"level":"info","ts":1588003334.0057385,"logger":"fallback-logger","caller":"git/git.go:103","msg":"Successfully cloned https://github.com/cb-kubecd/environment-pr-209-99-boot-gke-staging.git @ master in path /workspace/source"}

Showing logs for build [32mcb-kubecd-environment-pr-209-99-x6xlk-1[0m stage [32mfrom-build-pack[0m and container [32mstep-git-merge[0m
Using SHAs from PULL_REFS=master:1987dc14640b5f563aa154e6dec05b7f69366465,8:462d94b2f67d4bdf9368473e0c9fc1fe0ae9e2b3
DEBUG: LC_ALL=C JX_LOG_LEVEL=error git fetch origin --unshallow 462d94b2f67d4bdf9368473e0c9fc1fe0ae9e2b3: 1987dc14640b5f563aa154e6dec05b7f69366465:
DEBUG: ran git fetch --unshallow origin 462d94b2f67d4bdf9368473e0c9fc1fe0ae9e2b3: 1987dc14640b5f563aa154e6dec05b7f69366465: in 
DEBUG: JX_LOG_LEVEL=error LC_ALL=C git branch
DEBUG: LC_ALL=C JX_LOG_LEVEL=error git checkout master
DEBUG: ran git checkout master in 
DEBUG: LC_ALL=C JX_LOG_LEVEL=error git reset --hard 1987dc14640b5f563aa154e6dec05b7f69366465
DEBUG: ran git reset --hard 1987dc14640b5f563aa154e6dec05b7f69366465 in 
DEBUG: LC_ALL=C JX_LOG_LEVEL=error git clean -fd .
DEBUG: ran clean --force -d . in 
DEBUG: LC_ALL=C JX_LOG_LEVEL=error git merge 462d94b2f67d4bdf9368473e0c9fc1fe0ae9e2b3
DEBUG: ran git merge 462d94b2f67d4bdf9368473e0c9fc1fe0ae9e2b3 in 
DEBUG: LC_ALL=C JX_LOG_LEVEL=error git log --format=%H%x1f%an%x1f%ae%x1f%cn%x1f%ce%x1f%s%n%b%x1e 1987dc14640b5f563aa154e6dec05b7f69366465..HEAD
Merged SHA 462d94b2f67d4bdf9368473e0c9fc1fe0ae9e2b3 with commit message 'chore: Promote bdd-sbrp-import-1588001327 to version 0.0.1' into base branch master

Showing logs for build [32mcb-kubecd-environment-pr-209-99-x6xlk-1[0m stage [32mfrom-build-pack[0m and container [32mstep-build-helm-build[0m
WARNING: No $CHART_REPOSITORY defined so using the default value of: http://jenkins-x-chartmuseum:8080
Adding missing Helm repo: storage.googleapis.com https://storage.googleapis.com/chartmuseum.jenkins-x.io
WARNING: No secrets found on "helm/repos" due: reading the secret "helm/repos" from vault: no secret "helm/repos" not found in vault
Read credentials for https://storage.googleapis.com/chartmuseum.jenkins-x.io from vault helm/repos
Successfully added Helm repository storage.googleapis.com.
Adding missing Helm repo: jenkins-x-chartmuseum http://jenkins-x-chartmuseum:8080
WARNING: No secrets found on "helm/repos" due: reading the secret "helm/repos" from vault: no secret "helm/repos" not found in vault
Read credentials for http://jenkins-x-chartmuseum:8080 from vault helm/repos
Successfully added Helm repository jenkins-x-chartmuseum.
WARNING: No $CHART_REPOSITORY defined so using the default value of: http://jenkins-x-chartmuseum:8080
Adding missing Helm repo: chartmuseum.jenkins-x.io http://chartmuseum.jenkins-x.io
WARNING: No secrets found on "helm/repos" due: reading the secret "helm/repos" from vault: no secret "helm/repos" not found in vault
Read credentials for http://chartmuseum.jenkins-x.io from vault helm/repos
Successfully added Helm repository chartmuseum.jenkins-x.io.
